2022-12-08 20:07:44,857:INFO:PyCaret Supervised Module
2022-12-08 20:07:44,857:INFO:ML Usecase: regression
2022-12-08 20:07:44,858:INFO:version 2.2.2
2022-12-08 20:07:44,858:INFO:Initializing setup()
2022-12-08 20:07:44,858:INFO:setup(target=SalePrice, ml_usecase=regression, available_plots={'parameter': 'Hyperparameters', 'residuals': 'Residuals', 'error': 'Prediction Error', 'cooks': 'Cooks Distance', 'rfe': 'Feature Selection', 'learning': 'Learning Curve', 'manifold': 'Manifold Learning', 'vc': 'Validation Curve', 'feature': 'Feature Importance', 'feature_all': 'Feature Importance (All)', 'tree': 'Decision Tree'}, train_size=0.7, test_data=None, preprocess=True, imputation_type=simple, iterative_imputation_iters=5, categorical_features=None, categorical_imputation=constant, categorical_iterative_imputer=lightgbm, ordinal_features=None, high_cardinality_features=None, high_cardinality_method=frequency, numeric_features=None, numeric_imputation=mean, numeric_iterative_imputer=lightgbm, date_features=None, ignore_features=None, normalize=False, normalize_method=zscore, transformation=False, transformation_method=yeo-johnson, handle_unknown_categorical=True, unknown_categorical_method=least_frequent, pca=False, pca_method=linear, pca_components=None, ignore_low_variance=False, combine_rare_levels=False, rare_level_threshold=0.1, bin_numeric_features=None, remove_outliers=False, outliers_threshold=0.05, remove_multicollinearity=False, multicollinearity_threshold=0.9, remove_perfect_collinearity=True, create_clusters=False, cluster_iter=20, polynomial_features=False, polynomial_degree=2, trigonometry_features=False, polynomial_threshold=0.1, group_features=None, group_names=None, feature_selection=False, feature_selection_threshold=0.8, feature_selection_method=classic, feature_interaction=False, feature_ratio=False, interaction_threshold=0.01, fix_imbalance=False, fix_imbalance_method=None, transform_target=False, transform_target_method=box-cox, data_split_shuffle=True, data_split_stratify=False, fold_strategy=kfold, fold=10, fold_shuffle=False, fold_groups=None, n_jobs=-1, use_gpu=False, custom_pipeline=None, html=True, session_id=None, log_experiment=False, experiment_name=None, log_plots=False, log_profile=False, log_data=False, silent=False, verbose=True, profile=False, profile_kwargs=None, display=None)
2022-12-08 20:07:44,858:INFO:Checking environment
2022-12-08 20:07:44,858:INFO:python_version: 3.9.12
2022-12-08 20:07:44,858:INFO:python_build: ('main', 'Apr  4 2022 05:22:27')
2022-12-08 20:07:44,858:INFO:machine: AMD64
2022-12-08 20:07:44,858:INFO:platform: Windows-10-10.0.22621-SP0
2022-12-08 20:07:44,858:INFO:Memory: svmem(total=34269970432, available=18139623424, percent=47.1, used=16130347008, free=18139623424)
2022-12-08 20:07:44,858:INFO:Physical Core: 8
2022-12-08 20:07:44,858:INFO:Logical Core: 16
2022-12-08 20:07:44,858:INFO:Checking libraries
2022-12-08 20:07:44,858:INFO:pd==1.4.2
2022-12-08 20:07:44,859:INFO:numpy==1.21.5
2022-12-08 20:07:44,859:INFO:sklearn==1.1.3
2022-12-08 20:07:44,859:INFO:xgboost==1.7.1
2022-12-08 20:07:44,859:INFO:lightgbm==3.3.3
2022-12-08 20:07:44,859:INFO:catboost==1.1.1
2022-12-08 20:07:45,936:INFO:mlflow==2.0.1
2022-12-08 20:07:45,936:INFO:Checking Exceptions
2022-12-08 20:07:45,936:INFO:Declaring global variables
2022-12-08 20:07:45,936:INFO:USI: 8b8b
2022-12-08 20:07:45,936:INFO:pycaret_globals: {'pycaret_globals', 'USI', 'fold_groups_param', 'create_model_container', 'iterative_imputation_iters_param', 'data_before_preprocess', 'imputation_regressor', '_ml_usecase', 'seed', 'fold_shuffle_param', '_internal_pipeline', 'exp_name_log', 'experiment__', '_all_models_internal', 'transform_target_method_param', 'X_test', 'fold_param', 'fold_generator', 'X_train', 'stratify_param', 'imputation_classifier', 'log_plots_param', 'X', 'master_model_container', 'prep_pipe', 'y_test', '_available_plots', 'target_param', 'html_param', '_gpu_n_jobs_param', '_all_metrics', 'fix_imbalance_param', 'y_train', 'y', '_all_models', 'display_container', 'logging_param', 'n_jobs_param', 'gpu_param', 'transform_target_param', 'fix_imbalance_method_param'}
2022-12-08 20:07:45,936:INFO:Preparing display monitor
2022-12-08 20:07:45,936:INFO:Preparing display monitor
2022-12-08 20:07:45,945:INFO:Importing libraries
2022-12-08 20:07:45,945:INFO:Copying data for preprocessing
2022-12-08 20:07:45,952:INFO:Declaring preprocessing parameters
2022-12-08 20:07:45,954:INFO:Creating preprocessing pipeline
2022-12-08 20:07:46,038:INFO:Preprocessing pipeline created successfully
2022-12-08 20:07:46,038:ERROR:(Process Exit): setup has been interupted with user command 'quit'. setup must rerun.
2022-12-08 20:07:46,038:INFO:Creating global containers
2022-12-08 20:08:11,686:INFO:Initializing compare_models()
2022-12-08 20:08:11,686:INFO:compare_models(include=None, fold=None, round=4, cross_validation=True, sort=R2, n_select=1, budget_time=None, turbo=True, errors=ignore, fit_kwargs=None, groups=None, verbose=True, display=None, exclude=None)
2022-12-08 20:08:11,686:INFO:Checking exceptions
2022-12-08 20:09:18,649:INFO:PyCaret Supervised Module
2022-12-08 20:09:18,649:INFO:ML Usecase: regression
2022-12-08 20:09:18,649:INFO:version 2.2.2
2022-12-08 20:09:18,649:INFO:Initializing setup()
2022-12-08 20:09:18,649:INFO:setup(target=SalePrice, ml_usecase=regression, available_plots={'parameter': 'Hyperparameters', 'residuals': 'Residuals', 'error': 'Prediction Error', 'cooks': 'Cooks Distance', 'rfe': 'Feature Selection', 'learning': 'Learning Curve', 'manifold': 'Manifold Learning', 'vc': 'Validation Curve', 'feature': 'Feature Importance', 'feature_all': 'Feature Importance (All)', 'tree': 'Decision Tree'}, train_size=0.7, test_data=None, preprocess=True, imputation_type=simple, iterative_imputation_iters=5, categorical_features=None, categorical_imputation=constant, categorical_iterative_imputer=lightgbm, ordinal_features=None, high_cardinality_features=None, high_cardinality_method=frequency, numeric_features=None, numeric_imputation=mean, numeric_iterative_imputer=lightgbm, date_features=None, ignore_features=None, normalize=False, normalize_method=zscore, transformation=False, transformation_method=yeo-johnson, handle_unknown_categorical=True, unknown_categorical_method=least_frequent, pca=False, pca_method=linear, pca_components=None, ignore_low_variance=False, combine_rare_levels=False, rare_level_threshold=0.1, bin_numeric_features=None, remove_outliers=False, outliers_threshold=0.05, remove_multicollinearity=False, multicollinearity_threshold=0.9, remove_perfect_collinearity=True, create_clusters=False, cluster_iter=20, polynomial_features=False, polynomial_degree=2, trigonometry_features=False, polynomial_threshold=0.1, group_features=None, group_names=None, feature_selection=False, feature_selection_threshold=0.8, feature_selection_method=classic, feature_interaction=False, feature_ratio=False, interaction_threshold=0.01, fix_imbalance=False, fix_imbalance_method=None, transform_target=False, transform_target_method=box-cox, data_split_shuffle=True, data_split_stratify=False, fold_strategy=kfold, fold=10, fold_shuffle=False, fold_groups=None, n_jobs=-1, use_gpu=False, custom_pipeline=None, html=True, session_id=None, log_experiment=False, experiment_name=None, log_plots=False, log_profile=False, log_data=False, silent=False, verbose=True, profile=False, profile_kwargs=None, display=None)
2022-12-08 20:09:18,649:INFO:Checking environment
2022-12-08 20:09:18,649:INFO:python_version: 3.9.12
2022-12-08 20:09:18,649:INFO:python_build: ('main', 'Apr  4 2022 05:22:27')
2022-12-08 20:09:18,649:INFO:machine: AMD64
2022-12-08 20:09:18,651:INFO:platform: Windows-10-10.0.22621-SP0
2022-12-08 20:09:18,651:INFO:Memory: svmem(total=34269970432, available=18025197568, percent=47.4, used=16244772864, free=18025197568)
2022-12-08 20:09:18,651:INFO:Physical Core: 8
2022-12-08 20:09:18,651:INFO:Logical Core: 16
2022-12-08 20:09:18,651:INFO:Checking libraries
2022-12-08 20:09:18,651:INFO:pd==1.4.2
2022-12-08 20:09:18,651:INFO:numpy==1.21.5
2022-12-08 20:09:18,651:INFO:sklearn==1.1.3
2022-12-08 20:09:18,651:INFO:xgboost==1.7.1
2022-12-08 20:09:18,651:INFO:lightgbm==3.3.3
2022-12-08 20:09:18,651:INFO:catboost==1.1.1
2022-12-08 20:09:18,651:INFO:mlflow==2.0.1
2022-12-08 20:09:18,651:INFO:Checking Exceptions
2022-12-08 20:09:18,651:INFO:Declaring global variables
2022-12-08 20:09:18,651:INFO:USI: a0dd
2022-12-08 20:09:18,651:INFO:pycaret_globals: {'pycaret_globals', 'USI', 'fold_groups_param', 'create_model_container', 'iterative_imputation_iters_param', 'data_before_preprocess', 'imputation_regressor', '_ml_usecase', 'seed', 'fold_shuffle_param', '_internal_pipeline', 'exp_name_log', 'experiment__', '_all_models_internal', 'transform_target_method_param', 'X_test', 'fold_param', 'fold_generator', 'X_train', 'stratify_param', 'imputation_classifier', 'log_plots_param', 'X', 'master_model_container', 'prep_pipe', 'y_test', '_available_plots', 'target_param', 'html_param', '_gpu_n_jobs_param', '_all_metrics', 'fix_imbalance_param', 'y_train', 'y', '_all_models', 'display_container', 'logging_param', 'n_jobs_param', 'gpu_param', 'transform_target_param', 'fix_imbalance_method_param'}
2022-12-08 20:09:18,651:INFO:Preparing display monitor
2022-12-08 20:09:18,652:INFO:Preparing display monitor
2022-12-08 20:09:18,659:INFO:Importing libraries
2022-12-08 20:09:18,659:INFO:Copying data for preprocessing
2022-12-08 20:09:18,667:INFO:Declaring preprocessing parameters
2022-12-08 20:09:18,668:INFO:Creating preprocessing pipeline
2022-12-08 20:09:18,752:INFO:Preprocessing pipeline created successfully
2022-12-08 20:09:18,752:ERROR:(Process Exit): setup has been interupted with user command 'quit'. setup must rerun.
2022-12-08 20:09:18,752:INFO:Creating global containers
2022-12-08 20:13:13,475:INFO:PyCaret Supervised Module
2022-12-08 20:13:13,475:INFO:ML Usecase: regression
2022-12-08 20:13:13,475:INFO:version 2.2.2
2022-12-08 20:13:13,475:INFO:Initializing setup()
2022-12-08 20:13:13,475:INFO:setup(target=SalePrice, ml_usecase=regression, available_plots={'parameter': 'Hyperparameters', 'residuals': 'Residuals', 'error': 'Prediction Error', 'cooks': 'Cooks Distance', 'rfe': 'Feature Selection', 'learning': 'Learning Curve', 'manifold': 'Manifold Learning', 'vc': 'Validation Curve', 'feature': 'Feature Importance', 'feature_all': 'Feature Importance (All)', 'tree': 'Decision Tree'}, train_size=0.7, test_data=None, preprocess=True, imputation_type=simple, iterative_imputation_iters=5, categorical_features=None, categorical_imputation=constant, categorical_iterative_imputer=lightgbm, ordinal_features=None, high_cardinality_features=None, high_cardinality_method=frequency, numeric_features=None, numeric_imputation=mean, numeric_iterative_imputer=lightgbm, date_features=None, ignore_features=None, normalize=False, normalize_method=zscore, transformation=False, transformation_method=yeo-johnson, handle_unknown_categorical=True, unknown_categorical_method=least_frequent, pca=False, pca_method=linear, pca_components=None, ignore_low_variance=False, combine_rare_levels=False, rare_level_threshold=0.1, bin_numeric_features=None, remove_outliers=False, outliers_threshold=0.05, remove_multicollinearity=False, multicollinearity_threshold=0.9, remove_perfect_collinearity=True, create_clusters=False, cluster_iter=20, polynomial_features=False, polynomial_degree=2, trigonometry_features=False, polynomial_threshold=0.1, group_features=None, group_names=None, feature_selection=False, feature_selection_threshold=0.8, feature_selection_method=classic, feature_interaction=False, feature_ratio=False, interaction_threshold=0.01, fix_imbalance=False, fix_imbalance_method=None, transform_target=False, transform_target_method=box-cox, data_split_shuffle=True, data_split_stratify=False, fold_strategy=kfold, fold=10, fold_shuffle=True, fold_groups=None, n_jobs=-1, use_gpu=False, custom_pipeline=None, html=True, session_id=None, log_experiment=False, experiment_name=None, log_plots=False, log_profile=False, log_data=False, silent=False, verbose=True, profile=False, profile_kwargs=None, display=None)
2022-12-08 20:13:13,475:INFO:Checking environment
2022-12-08 20:13:13,475:INFO:python_version: 3.9.12
2022-12-08 20:13:13,475:INFO:python_build: ('main', 'Apr  4 2022 05:22:27')
2022-12-08 20:13:13,475:INFO:machine: AMD64
2022-12-08 20:13:13,475:INFO:platform: Windows-10-10.0.22621-SP0
2022-12-08 20:13:13,475:INFO:Memory: svmem(total=34269970432, available=17321594880, percent=49.5, used=16948375552, free=17321594880)
2022-12-08 20:13:13,475:INFO:Physical Core: 8
2022-12-08 20:13:13,475:INFO:Logical Core: 16
2022-12-08 20:13:13,475:INFO:Checking libraries
2022-12-08 20:13:13,475:INFO:pd==1.4.2
2022-12-08 20:13:13,475:INFO:numpy==1.21.5
2022-12-08 20:13:13,475:INFO:sklearn==1.1.3
2022-12-08 20:13:13,475:INFO:xgboost==1.7.1
2022-12-08 20:13:13,476:INFO:lightgbm==3.3.3
2022-12-08 20:13:13,476:INFO:catboost==1.1.1
2022-12-08 20:13:13,476:INFO:mlflow==2.0.1
2022-12-08 20:13:13,476:INFO:Checking Exceptions
2022-12-08 20:13:13,476:INFO:Declaring global variables
2022-12-08 20:13:13,476:INFO:USI: 9893
2022-12-08 20:13:13,476:INFO:pycaret_globals: {'pycaret_globals', 'USI', 'fold_groups_param', 'create_model_container', 'iterative_imputation_iters_param', 'data_before_preprocess', 'imputation_regressor', '_ml_usecase', 'seed', 'fold_shuffle_param', '_internal_pipeline', 'exp_name_log', 'experiment__', '_all_models_internal', 'transform_target_method_param', 'X_test', 'fold_param', 'fold_generator', 'X_train', 'stratify_param', 'imputation_classifier', 'log_plots_param', 'X', 'master_model_container', 'prep_pipe', 'y_test', '_available_plots', 'target_param', 'html_param', '_gpu_n_jobs_param', '_all_metrics', 'fix_imbalance_param', 'y_train', 'y', '_all_models', 'display_container', 'logging_param', 'n_jobs_param', 'gpu_param', 'transform_target_param', 'fix_imbalance_method_param'}
2022-12-08 20:13:13,476:INFO:Preparing display monitor
2022-12-08 20:13:13,476:INFO:Preparing display monitor
2022-12-08 20:13:13,484:INFO:Importing libraries
2022-12-08 20:13:13,484:INFO:Copying data for preprocessing
2022-12-08 20:13:13,492:INFO:Declaring preprocessing parameters
2022-12-08 20:13:13,494:INFO:Creating preprocessing pipeline
2022-12-08 20:13:13,584:INFO:Preprocessing pipeline created successfully
2022-12-08 20:13:13,584:ERROR:(Process Exit): setup has been interupted with user command 'quit'. setup must rerun.
2022-12-08 20:13:13,585:INFO:Creating global containers
2022-12-08 20:13:13,593:INFO:Internal pipeline: Pipeline(memory=None, steps=[('empty_step', 'passthrough')], verbose=False)
2022-12-08 20:13:32,200:INFO:Creating grid variables
2022-12-08 20:13:32,209:INFO:create_model_container: 0
2022-12-08 20:13:32,210:INFO:master_model_container: 0
2022-12-08 20:13:32,210:INFO:display_container: 0
2022-12-08 20:13:54,421:INFO:Initializing compare_models()
2022-12-08 20:13:54,421:INFO:compare_models(include=None, fold=None, round=4, cross_validation=True, sort=R2, n_select=1, budget_time=None, turbo=True, errors=ignore, fit_kwargs=None, groups=None, verbose=True, display=None, exclude=None)
2022-12-08 20:13:54,421:INFO:Checking exceptions
2022-12-08 20:13:54,421:INFO:Preparing display monitor
2022-12-08 20:13:54,421:INFO:Preparing display monitor
2022-12-08 20:13:54,438:INFO:Initializing Linear Regression
2022-12-08 20:13:54,438:INFO:Total runtime is 0.0 minutes
2022-12-08 20:13:54,443:INFO:SubProcess create_model() called ==================================
2022-12-08 20:13:54,443:INFO:Initializing create_model()
2022-12-08 20:13:54,444:INFO:create_model(estimator=lr, fold=KFold(n_splits=10, random_state=4412, shuffle=True), round=4, cross_validation=True, predict=True, fit_kwargs={}, groups=None, refit=False, verbose=False, system=False, metrics=None, display=<pycaret.internal.Display.Display object at 0x0000011CD44E9EB0>, kwargs={})
2022-12-08 20:13:54,444:INFO:Checking exceptions
2022-12-08 20:13:54,444:INFO:Importing libraries
2022-12-08 20:13:54,444:INFO:Copying training dataset
2022-12-08 20:13:54,444:INFO:Defining folds
2022-12-08 20:13:54,445:INFO:Declaring metric variables
2022-12-08 20:13:54,450:INFO:Importing untrained model
2022-12-08 20:13:54,455:INFO:Linear Regression Imported succesfully
2022-12-08 20:13:54,465:INFO:Starting cross validation
2022-12-08 20:13:54,479:INFO:Cross validating with KFold(n_splits=10, random_state=4412, shuffle=True), n_jobs=-1
2022-12-08 20:13:59,635:INFO:Calculating mean and std
2022-12-08 20:13:59,636:INFO:Creating metrics dataframe
2022-12-08 20:13:59,663:INFO:Uploading results into container
2022-12-08 20:13:59,663:INFO:Uploading model into container now
2022-12-08 20:13:59,663:INFO:create_model_container: 1
2022-12-08 20:13:59,663:INFO:master_model_container: 1
2022-12-08 20:13:59,663:INFO:display_container: 1
2022-12-08 20:13:59,664:INFO:LinearRegression(copy_X=True, fit_intercept=True, n_jobs=-1,
                 normalize='deprecated', positive=False)
2022-12-08 20:13:59,664:INFO:create_model() succesfully completed......................................
2022-12-08 20:13:59,786:INFO:SubProcess create_model() end ==================================
2022-12-08 20:13:59,786:INFO:Creating metrics dataframe
2022-12-08 20:13:59,803:INFO:Initializing Lasso Regression
2022-12-08 20:13:59,803:INFO:Total runtime is 0.08941850264867147 minutes
2022-12-08 20:13:59,808:INFO:SubProcess create_model() called ==================================
2022-12-08 20:13:59,808:INFO:Initializing create_model()
2022-12-08 20:13:59,809:INFO:create_model(estimator=lasso, fold=KFold(n_splits=10, random_state=4412, shuffle=True), round=4, cross_validation=True, predict=True, fit_kwargs={}, groups=None, refit=False, verbose=False, system=False, metrics=None, display=<pycaret.internal.Display.Display object at 0x0000011CD44E9EB0>, kwargs={})
2022-12-08 20:13:59,809:INFO:Checking exceptions
2022-12-08 20:13:59,809:INFO:Importing libraries
2022-12-08 20:13:59,809:INFO:Copying training dataset
2022-12-08 20:13:59,809:INFO:Defining folds
2022-12-08 20:13:59,810:INFO:Declaring metric variables
2022-12-08 20:13:59,814:INFO:Importing untrained model
2022-12-08 20:13:59,818:INFO:Lasso Regression Imported succesfully
2022-12-08 20:13:59,826:INFO:Starting cross validation
2022-12-08 20:13:59,826:INFO:Cross validating with KFold(n_splits=10, random_state=4412, shuffle=True), n_jobs=-1
2022-12-08 20:14:02,246:INFO:Calculating mean and std
2022-12-08 20:14:02,248:INFO:Creating metrics dataframe
2022-12-08 20:14:02,279:INFO:Uploading results into container
2022-12-08 20:14:02,279:INFO:Uploading model into container now
2022-12-08 20:14:02,279:INFO:create_model_container: 2
2022-12-08 20:14:02,279:INFO:master_model_container: 2
2022-12-08 20:14:02,279:INFO:display_container: 1
2022-12-08 20:14:02,280:INFO:Lasso(alpha=1.0, copy_X=True, fit_intercept=True, max_iter=1000,
      normalize='deprecated', positive=False, precompute=False,
      random_state=4412, selection='cyclic', tol=0.0001, warm_start=False)
2022-12-08 20:14:02,280:INFO:create_model() succesfully completed......................................
2022-12-08 20:14:02,401:INFO:SubProcess create_model() end ==================================
2022-12-08 20:14:02,401:INFO:Creating metrics dataframe
2022-12-08 20:14:02,418:INFO:Initializing Ridge Regression
2022-12-08 20:14:02,418:INFO:Total runtime is 0.13299552599589032 minutes
2022-12-08 20:14:02,422:INFO:SubProcess create_model() called ==================================
2022-12-08 20:14:02,423:INFO:Initializing create_model()
2022-12-08 20:14:02,423:INFO:create_model(estimator=ridge, fold=KFold(n_splits=10, random_state=4412, shuffle=True), round=4, cross_validation=True, predict=True, fit_kwargs={}, groups=None, refit=False, verbose=False, system=False, metrics=None, display=<pycaret.internal.Display.Display object at 0x0000011CD44E9EB0>, kwargs={})
2022-12-08 20:14:02,423:INFO:Checking exceptions
2022-12-08 20:14:02,423:INFO:Importing libraries
2022-12-08 20:14:02,423:INFO:Copying training dataset
2022-12-08 20:14:02,424:INFO:Defining folds
2022-12-08 20:14:02,424:INFO:Declaring metric variables
2022-12-08 20:14:02,428:INFO:Importing untrained model
2022-12-08 20:14:02,435:INFO:Ridge Regression Imported succesfully
2022-12-08 20:14:02,444:INFO:Starting cross validation
2022-12-08 20:14:02,445:INFO:Cross validating with KFold(n_splits=10, random_state=4412, shuffle=True), n_jobs=-1
2022-12-08 20:14:02,618:INFO:Calculating mean and std
2022-12-08 20:14:02,619:INFO:Creating metrics dataframe
2022-12-08 20:14:02,648:INFO:Uploading results into container
2022-12-08 20:14:02,648:INFO:Uploading model into container now
2022-12-08 20:14:02,648:INFO:create_model_container: 3
2022-12-08 20:14:02,648:INFO:master_model_container: 3
2022-12-08 20:14:02,648:INFO:display_container: 1
2022-12-08 20:14:02,650:INFO:Ridge(alpha=1.0, copy_X=True, fit_intercept=True, max_iter=None,
      normalize='deprecated', positive=False, random_state=4412, solver='auto',
      tol=0.001)
2022-12-08 20:14:02,650:INFO:create_model() succesfully completed......................................
2022-12-08 20:14:02,776:INFO:SubProcess create_model() end ==================================
2022-12-08 20:14:02,776:INFO:Creating metrics dataframe
2022-12-08 20:14:02,798:INFO:Initializing Elastic Net
2022-12-08 20:14:02,798:INFO:Total runtime is 0.13932669162750247 minutes
2022-12-08 20:14:02,803:INFO:SubProcess create_model() called ==================================
2022-12-08 20:14:02,803:INFO:Initializing create_model()
2022-12-08 20:14:02,803:INFO:create_model(estimator=en, fold=KFold(n_splits=10, random_state=4412, shuffle=True), round=4, cross_validation=True, predict=True, fit_kwargs={}, groups=None, refit=False, verbose=False, system=False, metrics=None, display=<pycaret.internal.Display.Display object at 0x0000011CD44E9EB0>, kwargs={})
2022-12-08 20:14:02,803:INFO:Checking exceptions
2022-12-08 20:14:02,803:INFO:Importing libraries
2022-12-08 20:14:02,803:INFO:Copying training dataset
2022-12-08 20:14:02,804:INFO:Defining folds
2022-12-08 20:14:02,804:INFO:Declaring metric variables
2022-12-08 20:14:02,809:INFO:Importing untrained model
2022-12-08 20:14:02,814:INFO:Elastic Net Imported succesfully
2022-12-08 20:14:02,824:INFO:Starting cross validation
2022-12-08 20:14:02,824:INFO:Cross validating with KFold(n_splits=10, random_state=4412, shuffle=True), n_jobs=-1
2022-12-08 20:14:02,978:INFO:Calculating mean and std
2022-12-08 20:14:02,978:INFO:Creating metrics dataframe
2022-12-08 20:14:03,012:INFO:Uploading results into container
2022-12-08 20:14:03,012:INFO:Uploading model into container now
2022-12-08 20:14:03,012:INFO:create_model_container: 4
2022-12-08 20:14:03,012:INFO:master_model_container: 4
2022-12-08 20:14:03,012:INFO:display_container: 1
2022-12-08 20:14:03,012:INFO:ElasticNet(alpha=1.0, copy_X=True, fit_intercept=True, l1_ratio=0.5,
           max_iter=1000, normalize='deprecated', positive=False,
           precompute=False, random_state=4412, selection='cyclic', tol=0.0001,
           warm_start=False)
2022-12-08 20:14:03,013:INFO:create_model() succesfully completed......................................
2022-12-08 20:14:03,135:INFO:SubProcess create_model() end ==================================
2022-12-08 20:14:03,136:INFO:Creating metrics dataframe
2022-12-08 20:14:03,154:INFO:Initializing Least Angle Regression
2022-12-08 20:14:03,154:INFO:Total runtime is 0.14525974988937382 minutes
2022-12-08 20:14:03,160:INFO:SubProcess create_model() called ==================================
2022-12-08 20:14:03,160:INFO:Initializing create_model()
2022-12-08 20:14:03,160:INFO:create_model(estimator=lar, fold=KFold(n_splits=10, random_state=4412, shuffle=True), round=4, cross_validation=True, predict=True, fit_kwargs={}, groups=None, refit=False, verbose=False, system=False, metrics=None, display=<pycaret.internal.Display.Display object at 0x0000011CD44E9EB0>, kwargs={})
2022-12-08 20:14:03,160:INFO:Checking exceptions
2022-12-08 20:14:03,160:INFO:Importing libraries
2022-12-08 20:14:03,160:INFO:Copying training dataset
2022-12-08 20:14:03,161:INFO:Defining folds
2022-12-08 20:14:03,161:INFO:Declaring metric variables
2022-12-08 20:14:03,166:INFO:Importing untrained model
2022-12-08 20:14:03,171:INFO:Least Angle Regression Imported succesfully
2022-12-08 20:14:03,184:INFO:Starting cross validation
2022-12-08 20:14:03,184:INFO:Cross validating with KFold(n_splits=10, random_state=4412, shuffle=True), n_jobs=-1
2022-12-08 20:14:03,443:INFO:Calculating mean and std
2022-12-08 20:14:03,444:INFO:Creating metrics dataframe
2022-12-08 20:14:03,471:INFO:Uploading results into container
2022-12-08 20:14:03,471:INFO:Uploading model into container now
2022-12-08 20:14:03,471:INFO:create_model_container: 5
2022-12-08 20:14:03,471:INFO:master_model_container: 5
2022-12-08 20:14:03,471:INFO:display_container: 1
2022-12-08 20:14:03,472:INFO:Lars(copy_X=True, eps=2.220446049250313e-16, fit_intercept=True, fit_path=True,
     jitter=None, n_nonzero_coefs=500, normalize='deprecated',
     precompute='auto', random_state=4412, verbose=False)
2022-12-08 20:14:03,472:INFO:create_model() succesfully completed......................................
2022-12-08 20:14:03,600:WARNING:create_model() for Lars(copy_X=True, eps=2.220446049250313e-16, fit_intercept=True, fit_path=True,
     jitter=None, n_nonzero_coefs=500, normalize='deprecated',
     precompute='auto', random_state=4412, verbose=False) raised an exception or returned all 0.0, trying without fit_kwargs:
2022-12-08 20:14:03,601:WARNING:Traceback (most recent call last):
  File "C:\Users\guoly\anaconda3\lib\site-packages\pycaret\internal\tabular.py", line 2149, in compare_models
    assert np.sum(model_results.iloc[0]) != 0.0
AssertionError

2022-12-08 20:14:03,601:INFO:Initializing create_model()
2022-12-08 20:14:03,601:INFO:create_model(estimator=Lars(copy_X=True, eps=2.220446049250313e-16, fit_intercept=True, fit_path=True,
     jitter=None, n_nonzero_coefs=500, normalize='deprecated',
     precompute='auto', random_state=4412, verbose=False), fold=KFold(n_splits=10, random_state=4412, shuffle=True), round=4, cross_validation=True, predict=True, fit_kwargs=None, groups=None, refit=False, verbose=False, system=False, metrics=None, display=<pycaret.internal.Display.Display object at 0x0000011CD44E9EB0>, kwargs={})
2022-12-08 20:14:03,601:INFO:Checking exceptions
2022-12-08 20:14:03,601:INFO:Importing libraries
2022-12-08 20:14:03,601:INFO:Copying training dataset
2022-12-08 20:14:03,602:INFO:Defining folds
2022-12-08 20:14:03,603:INFO:Declaring metric variables
2022-12-08 20:14:03,607:INFO:Importing untrained model
2022-12-08 20:14:03,607:INFO:Declaring custom model
2022-12-08 20:14:03,612:INFO:Least Angle Regression Imported succesfully
2022-12-08 20:14:03,622:INFO:Starting cross validation
2022-12-08 20:14:03,622:INFO:Cross validating with KFold(n_splits=10, random_state=4412, shuffle=True), n_jobs=-1
2022-12-08 20:14:03,882:INFO:Calculating mean and std
2022-12-08 20:14:03,883:INFO:Creating metrics dataframe
2022-12-08 20:14:03,907:INFO:Uploading results into container
2022-12-08 20:14:03,908:INFO:Uploading model into container now
2022-12-08 20:14:03,908:INFO:create_model_container: 6
2022-12-08 20:14:03,908:INFO:master_model_container: 6
2022-12-08 20:14:03,908:INFO:display_container: 1
2022-12-08 20:14:03,908:INFO:Lars(copy_X=True, eps=2.220446049250313e-16, fit_intercept=True, fit_path=True,
     jitter=None, n_nonzero_coefs=500, normalize='deprecated',
     precompute='auto', random_state=4412, verbose=False)
2022-12-08 20:14:03,908:INFO:create_model() succesfully completed......................................
2022-12-08 20:14:04,034:INFO:SubProcess create_model() end ==================================
2022-12-08 20:14:04,034:INFO:Creating metrics dataframe
2022-12-08 20:14:04,052:INFO:Initializing Lasso Least Angle Regression
2022-12-08 20:14:04,053:INFO:Total runtime is 0.16023225386937462 minutes
2022-12-08 20:14:04,059:INFO:SubProcess create_model() called ==================================
2022-12-08 20:14:04,060:INFO:Initializing create_model()
2022-12-08 20:14:04,060:INFO:create_model(estimator=llar, fold=KFold(n_splits=10, random_state=4412, shuffle=True), round=4, cross_validation=True, predict=True, fit_kwargs={}, groups=None, refit=False, verbose=False, system=False, metrics=None, display=<pycaret.internal.Display.Display object at 0x0000011CD44E9EB0>, kwargs={})
2022-12-08 20:14:04,060:INFO:Checking exceptions
2022-12-08 20:14:04,060:INFO:Importing libraries
2022-12-08 20:14:04,060:INFO:Copying training dataset
2022-12-08 20:14:04,061:INFO:Defining folds
2022-12-08 20:14:04,061:INFO:Declaring metric variables
2022-12-08 20:14:04,066:INFO:Importing untrained model
2022-12-08 20:14:04,071:INFO:Lasso Least Angle Regression Imported succesfully
2022-12-08 20:14:04,081:INFO:Starting cross validation
2022-12-08 20:14:04,082:INFO:Cross validating with KFold(n_splits=10, random_state=4412, shuffle=True), n_jobs=-1
2022-12-08 20:14:04,260:INFO:Calculating mean and std
2022-12-08 20:14:04,260:INFO:Creating metrics dataframe
2022-12-08 20:14:04,286:INFO:Uploading results into container
2022-12-08 20:14:04,286:INFO:Uploading model into container now
2022-12-08 20:14:04,286:INFO:create_model_container: 7
2022-12-08 20:14:04,286:INFO:master_model_container: 7
2022-12-08 20:14:04,286:INFO:display_container: 1
2022-12-08 20:14:04,286:INFO:LassoLars(alpha=1.0, copy_X=True, eps=2.220446049250313e-16, fit_intercept=True,
          fit_path=True, jitter=None, max_iter=500, normalize='deprecated',
          positive=False, precompute='auto', random_state=4412, verbose=False)
2022-12-08 20:14:04,286:INFO:create_model() succesfully completed......................................
2022-12-08 20:14:04,418:INFO:SubProcess create_model() end ==================================
2022-12-08 20:14:04,418:INFO:Creating metrics dataframe
2022-12-08 20:14:04,439:INFO:Initializing Orthogonal Matching Pursuit
2022-12-08 20:14:04,440:INFO:Total runtime is 0.16669641733169557 minutes
2022-12-08 20:14:04,445:INFO:SubProcess create_model() called ==================================
2022-12-08 20:14:04,445:INFO:Initializing create_model()
2022-12-08 20:14:04,445:INFO:create_model(estimator=omp, fold=KFold(n_splits=10, random_state=4412, shuffle=True), round=4, cross_validation=True, predict=True, fit_kwargs={}, groups=None, refit=False, verbose=False, system=False, metrics=None, display=<pycaret.internal.Display.Display object at 0x0000011CD44E9EB0>, kwargs={})
2022-12-08 20:14:04,445:INFO:Checking exceptions
2022-12-08 20:14:04,445:INFO:Importing libraries
2022-12-08 20:14:04,445:INFO:Copying training dataset
2022-12-08 20:14:04,446:INFO:Defining folds
2022-12-08 20:14:04,446:INFO:Declaring metric variables
2022-12-08 20:14:04,452:INFO:Importing untrained model
2022-12-08 20:14:04,456:INFO:Orthogonal Matching Pursuit Imported succesfully
2022-12-08 20:14:04,466:INFO:Starting cross validation
2022-12-08 20:14:04,466:INFO:Cross validating with KFold(n_splits=10, random_state=4412, shuffle=True), n_jobs=-1
2022-12-08 20:14:04,632:INFO:Calculating mean and std
2022-12-08 20:14:04,633:INFO:Creating metrics dataframe
2022-12-08 20:14:04,657:INFO:Uploading results into container
2022-12-08 20:14:04,658:INFO:Uploading model into container now
2022-12-08 20:14:04,658:INFO:create_model_container: 8
2022-12-08 20:14:04,658:INFO:master_model_container: 8
2022-12-08 20:14:04,658:INFO:display_container: 1
2022-12-08 20:14:04,658:INFO:OrthogonalMatchingPursuit(fit_intercept=True, n_nonzero_coefs=None,
                          normalize='deprecated', precompute='auto', tol=None)
2022-12-08 20:14:04,658:INFO:create_model() succesfully completed......................................
2022-12-08 20:14:04,780:INFO:SubProcess create_model() end ==================================
2022-12-08 20:14:04,780:INFO:Creating metrics dataframe
2022-12-08 20:14:04,798:INFO:Initializing Bayesian Ridge
2022-12-08 20:14:04,799:INFO:Total runtime is 0.1726836919784546 minutes
2022-12-08 20:14:04,803:INFO:SubProcess create_model() called ==================================
2022-12-08 20:14:04,803:INFO:Initializing create_model()
2022-12-08 20:14:04,803:INFO:create_model(estimator=br, fold=KFold(n_splits=10, random_state=4412, shuffle=True), round=4, cross_validation=True, predict=True, fit_kwargs={}, groups=None, refit=False, verbose=False, system=False, metrics=None, display=<pycaret.internal.Display.Display object at 0x0000011CD44E9EB0>, kwargs={})
2022-12-08 20:14:04,804:INFO:Checking exceptions
2022-12-08 20:14:04,804:INFO:Importing libraries
2022-12-08 20:14:04,804:INFO:Copying training dataset
2022-12-08 20:14:04,805:INFO:Defining folds
2022-12-08 20:14:04,805:INFO:Declaring metric variables
2022-12-08 20:14:04,810:INFO:Importing untrained model
2022-12-08 20:14:04,814:INFO:Bayesian Ridge Imported succesfully
2022-12-08 20:14:04,823:INFO:Starting cross validation
2022-12-08 20:14:04,823:INFO:Cross validating with KFold(n_splits=10, random_state=4412, shuffle=True), n_jobs=-1
2022-12-08 20:14:05,008:INFO:Calculating mean and std
2022-12-08 20:14:05,009:INFO:Creating metrics dataframe
2022-12-08 20:14:05,033:INFO:Uploading results into container
2022-12-08 20:14:05,033:INFO:Uploading model into container now
2022-12-08 20:14:05,033:INFO:create_model_container: 9
2022-12-08 20:14:05,033:INFO:master_model_container: 9
2022-12-08 20:14:05,034:INFO:display_container: 1
2022-12-08 20:14:05,034:INFO:BayesianRidge(alpha_1=1e-06, alpha_2=1e-06, alpha_init=None,
              compute_score=False, copy_X=True, fit_intercept=True,
              lambda_1=1e-06, lambda_2=1e-06, lambda_init=None, n_iter=300,
              normalize='deprecated', tol=0.001, verbose=False)
2022-12-08 20:14:05,034:INFO:create_model() succesfully completed......................................
2022-12-08 20:14:05,159:INFO:SubProcess create_model() end ==================================
2022-12-08 20:14:05,160:INFO:Creating metrics dataframe
2022-12-08 20:14:05,177:INFO:Initializing Passive Aggressive Regressor
2022-12-08 20:14:05,177:INFO:Total runtime is 0.17898333072662354 minutes
2022-12-08 20:14:05,183:INFO:SubProcess create_model() called ==================================
2022-12-08 20:14:05,183:INFO:Initializing create_model()
2022-12-08 20:14:05,183:INFO:create_model(estimator=par, fold=KFold(n_splits=10, random_state=4412, shuffle=True), round=4, cross_validation=True, predict=True, fit_kwargs={}, groups=None, refit=False, verbose=False, system=False, metrics=None, display=<pycaret.internal.Display.Display object at 0x0000011CD44E9EB0>, kwargs={})
2022-12-08 20:14:05,183:INFO:Checking exceptions
2022-12-08 20:14:05,183:INFO:Importing libraries
2022-12-08 20:14:05,183:INFO:Copying training dataset
2022-12-08 20:14:05,184:INFO:Defining folds
2022-12-08 20:14:05,184:INFO:Declaring metric variables
2022-12-08 20:14:05,189:INFO:Importing untrained model
2022-12-08 20:14:05,194:INFO:Passive Aggressive Regressor Imported succesfully
2022-12-08 20:14:05,204:INFO:Starting cross validation
2022-12-08 20:14:05,204:INFO:Cross validating with KFold(n_splits=10, random_state=4412, shuffle=True), n_jobs=-1
2022-12-08 20:14:05,382:INFO:Calculating mean and std
2022-12-08 20:14:05,383:INFO:Creating metrics dataframe
2022-12-08 20:14:05,407:INFO:Uploading results into container
2022-12-08 20:14:05,407:INFO:Uploading model into container now
2022-12-08 20:14:05,407:INFO:create_model_container: 10
2022-12-08 20:14:05,407:INFO:master_model_container: 10
2022-12-08 20:14:05,407:INFO:display_container: 1
2022-12-08 20:14:05,408:INFO:PassiveAggressiveRegressor(C=1.0, average=False, early_stopping=False,
                           epsilon=0.1, fit_intercept=True,
                           loss='epsilon_insensitive', max_iter=1000,
                           n_iter_no_change=5, random_state=4412, shuffle=True,
                           tol=0.001, validation_fraction=0.1, verbose=0,
                           warm_start=False)
2022-12-08 20:14:05,408:INFO:create_model() succesfully completed......................................
2022-12-08 20:14:05,530:INFO:SubProcess create_model() end ==================================
2022-12-08 20:14:05,530:INFO:Creating metrics dataframe
2022-12-08 20:14:05,550:INFO:Initializing Huber Regressor
2022-12-08 20:14:05,550:INFO:Total runtime is 0.18518787622451782 minutes
2022-12-08 20:14:05,555:INFO:SubProcess create_model() called ==================================
2022-12-08 20:14:05,555:INFO:Initializing create_model()
2022-12-08 20:14:05,555:INFO:create_model(estimator=huber, fold=KFold(n_splits=10, random_state=4412, shuffle=True), round=4, cross_validation=True, predict=True, fit_kwargs={}, groups=None, refit=False, verbose=False, system=False, metrics=None, display=<pycaret.internal.Display.Display object at 0x0000011CD44E9EB0>, kwargs={})
2022-12-08 20:14:05,555:INFO:Checking exceptions
2022-12-08 20:14:05,556:INFO:Importing libraries
2022-12-08 20:14:05,556:INFO:Copying training dataset
2022-12-08 20:14:05,556:INFO:Defining folds
2022-12-08 20:14:05,556:INFO:Declaring metric variables
2022-12-08 20:14:05,561:INFO:Importing untrained model
2022-12-08 20:14:05,565:INFO:Huber Regressor Imported succesfully
2022-12-08 20:14:05,574:INFO:Starting cross validation
2022-12-08 20:14:05,574:INFO:Cross validating with KFold(n_splits=10, random_state=4412, shuffle=True), n_jobs=-1
2022-12-08 20:14:06,394:INFO:Calculating mean and std
2022-12-08 20:14:06,395:INFO:Creating metrics dataframe
2022-12-08 20:14:06,428:INFO:Uploading results into container
2022-12-08 20:14:06,428:INFO:Uploading model into container now
2022-12-08 20:14:06,428:INFO:create_model_container: 11
2022-12-08 20:14:06,428:INFO:master_model_container: 11
2022-12-08 20:14:06,428:INFO:display_container: 1
2022-12-08 20:14:06,429:INFO:HuberRegressor(alpha=0.0001, epsilon=1.35, fit_intercept=True, max_iter=100,
               tol=1e-05, warm_start=False)
2022-12-08 20:14:06,429:INFO:create_model() succesfully completed......................................
2022-12-08 20:14:06,575:INFO:SubProcess create_model() end ==================================
2022-12-08 20:14:06,575:INFO:Creating metrics dataframe
2022-12-08 20:14:06,595:INFO:Initializing K Neighbors Regressor
2022-12-08 20:14:06,595:INFO:Total runtime is 0.2026055614153544 minutes
2022-12-08 20:14:06,600:INFO:SubProcess create_model() called ==================================
2022-12-08 20:14:06,600:INFO:Initializing create_model()
2022-12-08 20:14:06,600:INFO:create_model(estimator=knn, fold=KFold(n_splits=10, random_state=4412, shuffle=True), round=4, cross_validation=True, predict=True, fit_kwargs={}, groups=None, refit=False, verbose=False, system=False, metrics=None, display=<pycaret.internal.Display.Display object at 0x0000011CD44E9EB0>, kwargs={})
2022-12-08 20:14:06,600:INFO:Checking exceptions
2022-12-08 20:14:06,601:INFO:Importing libraries
2022-12-08 20:14:06,601:INFO:Copying training dataset
2022-12-08 20:14:06,602:INFO:Defining folds
2022-12-08 20:14:06,602:INFO:Declaring metric variables
2022-12-08 20:14:06,606:INFO:Importing untrained model
2022-12-08 20:14:06,611:INFO:K Neighbors Regressor Imported succesfully
2022-12-08 20:14:06,621:INFO:Starting cross validation
2022-12-08 20:14:06,621:INFO:Cross validating with KFold(n_splits=10, random_state=4412, shuffle=True), n_jobs=-1
2022-12-08 20:14:06,800:INFO:Calculating mean and std
2022-12-08 20:14:06,801:INFO:Creating metrics dataframe
2022-12-08 20:14:06,827:INFO:Uploading results into container
2022-12-08 20:14:06,827:INFO:Uploading model into container now
2022-12-08 20:14:06,827:INFO:create_model_container: 12
2022-12-08 20:14:06,827:INFO:master_model_container: 12
2022-12-08 20:14:06,827:INFO:display_container: 1
2022-12-08 20:14:06,828:INFO:KNeighborsRegressor(algorithm='auto', leaf_size=30, metric='minkowski',
                    metric_params=None, n_jobs=-1, n_neighbors=5, p=2,
                    weights='uniform')
2022-12-08 20:14:06,828:INFO:create_model() succesfully completed......................................
2022-12-08 20:14:06,952:INFO:SubProcess create_model() end ==================================
2022-12-08 20:14:06,952:INFO:Creating metrics dataframe
2022-12-08 20:14:06,972:INFO:Initializing Decision Tree Regressor
2022-12-08 20:14:06,972:INFO:Total runtime is 0.20888872941335043 minutes
2022-12-08 20:14:06,977:INFO:SubProcess create_model() called ==================================
2022-12-08 20:14:06,977:INFO:Initializing create_model()
2022-12-08 20:14:06,977:INFO:create_model(estimator=dt, fold=KFold(n_splits=10, random_state=4412, shuffle=True), round=4, cross_validation=True, predict=True, fit_kwargs={}, groups=None, refit=False, verbose=False, system=False, metrics=None, display=<pycaret.internal.Display.Display object at 0x0000011CD44E9EB0>, kwargs={})
2022-12-08 20:14:06,977:INFO:Checking exceptions
2022-12-08 20:14:06,977:INFO:Importing libraries
2022-12-08 20:14:06,977:INFO:Copying training dataset
2022-12-08 20:14:06,978:INFO:Defining folds
2022-12-08 20:14:06,978:INFO:Declaring metric variables
2022-12-08 20:14:06,982:INFO:Importing untrained model
2022-12-08 20:14:06,986:INFO:Decision Tree Regressor Imported succesfully
2022-12-08 20:14:06,996:INFO:Starting cross validation
2022-12-08 20:14:06,997:INFO:Cross validating with KFold(n_splits=10, random_state=4412, shuffle=True), n_jobs=-1
2022-12-08 20:14:07,189:INFO:Calculating mean and std
2022-12-08 20:14:07,190:INFO:Creating metrics dataframe
2022-12-08 20:14:07,214:INFO:Uploading results into container
2022-12-08 20:14:07,214:INFO:Uploading model into container now
2022-12-08 20:14:07,214:INFO:create_model_container: 13
2022-12-08 20:14:07,215:INFO:master_model_container: 13
2022-12-08 20:14:07,215:INFO:display_container: 1
2022-12-08 20:14:07,215:INFO:DecisionTreeRegressor(ccp_alpha=0.0, criterion='squared_error', max_depth=None,
                      max_features=None, max_leaf_nodes=None,
                      min_impurity_decrease=0.0, min_samples_leaf=1,
                      min_samples_split=2, min_weight_fraction_leaf=0.0,
                      random_state=4412, splitter='best')
2022-12-08 20:14:07,215:INFO:create_model() succesfully completed......................................
2022-12-08 20:14:07,338:INFO:SubProcess create_model() end ==================================
2022-12-08 20:14:07,338:INFO:Creating metrics dataframe
2022-12-08 20:14:07,361:INFO:Initializing Random Forest Regressor
2022-12-08 20:14:07,361:INFO:Total runtime is 0.2153711239496867 minutes
2022-12-08 20:14:07,366:INFO:SubProcess create_model() called ==================================
2022-12-08 20:14:07,367:INFO:Initializing create_model()
2022-12-08 20:14:07,367:INFO:create_model(estimator=rf, fold=KFold(n_splits=10, random_state=4412, shuffle=True), round=4, cross_validation=True, predict=True, fit_kwargs={}, groups=None, refit=False, verbose=False, system=False, metrics=None, display=<pycaret.internal.Display.Display object at 0x0000011CD44E9EB0>, kwargs={})
2022-12-08 20:14:07,367:INFO:Checking exceptions
2022-12-08 20:14:07,367:INFO:Importing libraries
2022-12-08 20:14:07,367:INFO:Copying training dataset
2022-12-08 20:14:07,368:INFO:Defining folds
2022-12-08 20:14:07,368:INFO:Declaring metric variables
2022-12-08 20:14:07,373:INFO:Importing untrained model
2022-12-08 20:14:07,377:INFO:Random Forest Regressor Imported succesfully
2022-12-08 20:14:07,388:INFO:Starting cross validation
2022-12-08 20:14:07,388:INFO:Cross validating with KFold(n_splits=10, random_state=4412, shuffle=True), n_jobs=-1
2022-12-08 20:14:09,281:INFO:Calculating mean and std
2022-12-08 20:14:09,281:INFO:Creating metrics dataframe
2022-12-08 20:14:09,322:INFO:Uploading results into container
2022-12-08 20:14:09,322:INFO:Uploading model into container now
2022-12-08 20:14:09,322:INFO:create_model_container: 14
2022-12-08 20:14:09,322:INFO:master_model_container: 14
2022-12-08 20:14:09,322:INFO:display_container: 1
2022-12-08 20:14:09,323:INFO:RandomForestRegressor(bootstrap=True, ccp_alpha=0.0, criterion='squared_error',
                      max_depth=None, max_features=1.0, max_leaf_nodes=None,
                      max_samples=None, min_impurity_decrease=0.0,
                      min_samples_leaf=1, min_samples_split=2,
                      min_weight_fraction_leaf=0.0, n_estimators=100, n_jobs=-1,
                      oob_score=False, random_state=4412, verbose=0,
                      warm_start=False)
2022-12-08 20:14:09,323:INFO:create_model() succesfully completed......................................
2022-12-08 20:14:09,482:INFO:SubProcess create_model() end ==================================
2022-12-08 20:14:09,482:INFO:Creating metrics dataframe
2022-12-08 20:14:09,510:INFO:Initializing Extra Trees Regressor
2022-12-08 20:14:09,510:INFO:Total runtime is 0.25120171705881755 minutes
2022-12-08 20:14:09,517:INFO:SubProcess create_model() called ==================================
2022-12-08 20:14:09,518:INFO:Initializing create_model()
2022-12-08 20:14:09,518:INFO:create_model(estimator=et, fold=KFold(n_splits=10, random_state=4412, shuffle=True), round=4, cross_validation=True, predict=True, fit_kwargs={}, groups=None, refit=False, verbose=False, system=False, metrics=None, display=<pycaret.internal.Display.Display object at 0x0000011CD44E9EB0>, kwargs={})
2022-12-08 20:14:09,518:INFO:Checking exceptions
2022-12-08 20:14:09,518:INFO:Importing libraries
2022-12-08 20:14:09,518:INFO:Copying training dataset
2022-12-08 20:14:09,519:INFO:Defining folds
2022-12-08 20:14:09,520:INFO:Declaring metric variables
2022-12-08 20:14:09,525:INFO:Importing untrained model
2022-12-08 20:14:09,531:INFO:Extra Trees Regressor Imported succesfully
2022-12-08 20:14:09,544:INFO:Starting cross validation
2022-12-08 20:14:09,545:INFO:Cross validating with KFold(n_splits=10, random_state=4412, shuffle=True), n_jobs=-1
2022-12-08 20:14:11,717:INFO:Calculating mean and std
2022-12-08 20:14:11,719:INFO:Creating metrics dataframe
2022-12-08 20:14:11,758:INFO:Uploading results into container
2022-12-08 20:14:11,758:INFO:Uploading model into container now
2022-12-08 20:14:11,759:INFO:create_model_container: 15
2022-12-08 20:14:11,759:INFO:master_model_container: 15
2022-12-08 20:14:11,759:INFO:display_container: 1
2022-12-08 20:14:11,759:INFO:ExtraTreesRegressor(bootstrap=False, ccp_alpha=0.0, criterion='squared_error',
                    max_depth=None, max_features=1.0, max_leaf_nodes=None,
                    max_samples=None, min_impurity_decrease=0.0,
                    min_samples_leaf=1, min_samples_split=2,
                    min_weight_fraction_leaf=0.0, n_estimators=100, n_jobs=-1,
                    oob_score=False, random_state=4412, verbose=0,
                    warm_start=False)
2022-12-08 20:14:11,759:INFO:create_model() succesfully completed......................................
2022-12-08 20:14:11,930:INFO:SubProcess create_model() end ==================================
2022-12-08 20:14:11,930:INFO:Creating metrics dataframe
2022-12-08 20:14:11,958:INFO:Initializing AdaBoost Regressor
2022-12-08 20:14:11,958:INFO:Total runtime is 0.29199620882670085 minutes
2022-12-08 20:14:11,966:INFO:SubProcess create_model() called ==================================
2022-12-08 20:14:11,966:INFO:Initializing create_model()
2022-12-08 20:14:11,966:INFO:create_model(estimator=ada, fold=KFold(n_splits=10, random_state=4412, shuffle=True), round=4, cross_validation=True, predict=True, fit_kwargs={}, groups=None, refit=False, verbose=False, system=False, metrics=None, display=<pycaret.internal.Display.Display object at 0x0000011CD44E9EB0>, kwargs={})
2022-12-08 20:14:11,966:INFO:Checking exceptions
2022-12-08 20:14:11,966:INFO:Importing libraries
2022-12-08 20:14:11,967:INFO:Copying training dataset
2022-12-08 20:14:11,969:INFO:Defining folds
2022-12-08 20:14:11,969:INFO:Declaring metric variables
2022-12-08 20:14:11,974:INFO:Importing untrained model
2022-12-08 20:14:11,979:INFO:AdaBoost Regressor Imported succesfully
2022-12-08 20:14:11,991:INFO:Starting cross validation
2022-12-08 20:14:11,992:INFO:Cross validating with KFold(n_splits=10, random_state=4412, shuffle=True), n_jobs=-1
2022-12-08 20:14:12,668:INFO:Calculating mean and std
2022-12-08 20:14:12,670:INFO:Creating metrics dataframe
2022-12-08 20:14:12,713:INFO:Uploading results into container
2022-12-08 20:14:12,713:INFO:Uploading model into container now
2022-12-08 20:14:12,713:INFO:create_model_container: 16
2022-12-08 20:14:12,713:INFO:master_model_container: 16
2022-12-08 20:14:12,713:INFO:display_container: 1
2022-12-08 20:14:12,713:INFO:AdaBoostRegressor(base_estimator=None, learning_rate=1.0, loss='linear',
                  n_estimators=50, random_state=4412)
2022-12-08 20:14:12,714:INFO:create_model() succesfully completed......................................
2022-12-08 20:14:12,856:INFO:SubProcess create_model() end ==================================
2022-12-08 20:14:12,856:INFO:Creating metrics dataframe
2022-12-08 20:14:12,882:INFO:Initializing Gradient Boosting Regressor
2022-12-08 20:14:12,882:INFO:Total runtime is 0.3073930581410726 minutes
2022-12-08 20:14:12,888:INFO:SubProcess create_model() called ==================================
2022-12-08 20:14:12,888:INFO:Initializing create_model()
2022-12-08 20:14:12,889:INFO:create_model(estimator=gbr, fold=KFold(n_splits=10, random_state=4412, shuffle=True), round=4, cross_validation=True, predict=True, fit_kwargs={}, groups=None, refit=False, verbose=False, system=False, metrics=None, display=<pycaret.internal.Display.Display object at 0x0000011CD44E9EB0>, kwargs={})
2022-12-08 20:14:12,889:INFO:Checking exceptions
2022-12-08 20:14:12,889:INFO:Importing libraries
2022-12-08 20:14:12,889:INFO:Copying training dataset
2022-12-08 20:14:12,889:INFO:Defining folds
2022-12-08 20:14:12,889:INFO:Declaring metric variables
2022-12-08 20:14:12,895:INFO:Importing untrained model
2022-12-08 20:14:12,901:INFO:Gradient Boosting Regressor Imported succesfully
2022-12-08 20:14:12,911:INFO:Starting cross validation
2022-12-08 20:14:12,912:INFO:Cross validating with KFold(n_splits=10, random_state=4412, shuffle=True), n_jobs=-1
2022-12-08 20:14:13,852:INFO:Calculating mean and std
2022-12-08 20:14:13,853:INFO:Creating metrics dataframe
2022-12-08 20:14:13,886:INFO:Uploading results into container
2022-12-08 20:14:13,887:INFO:Uploading model into container now
2022-12-08 20:14:13,887:INFO:create_model_container: 17
2022-12-08 20:14:13,887:INFO:master_model_container: 17
2022-12-08 20:14:13,887:INFO:display_container: 1
2022-12-08 20:14:13,888:INFO:GradientBoostingRegressor(alpha=0.9, ccp_alpha=0.0, criterion='friedman_mse',
                          init=None, learning_rate=0.1, loss='squared_error',
                          max_depth=3, max_features=None, max_leaf_nodes=None,
                          min_impurity_decrease=0.0, min_samples_leaf=1,
                          min_samples_split=2, min_weight_fraction_leaf=0.0,
                          n_estimators=100, n_iter_no_change=None,
                          random_state=4412, subsample=1.0, tol=0.0001,
                          validation_fraction=0.1, verbose=0, warm_start=False)
2022-12-08 20:14:13,888:INFO:create_model() succesfully completed......................................
2022-12-08 20:14:14,030:INFO:SubProcess create_model() end ==================================
2022-12-08 20:14:14,030:INFO:Creating metrics dataframe
2022-12-08 20:14:14,054:INFO:Initializing Extreme Gradient Boosting
2022-12-08 20:14:14,054:INFO:Total runtime is 0.3269340952237447 minutes
2022-12-08 20:14:14,060:INFO:SubProcess create_model() called ==================================
2022-12-08 20:14:14,060:INFO:Initializing create_model()
2022-12-08 20:14:14,060:INFO:create_model(estimator=xgboost, fold=KFold(n_splits=10, random_state=4412, shuffle=True), round=4, cross_validation=True, predict=True, fit_kwargs={}, groups=None, refit=False, verbose=False, system=False, metrics=None, display=<pycaret.internal.Display.Display object at 0x0000011CD44E9EB0>, kwargs={})
2022-12-08 20:14:14,060:INFO:Checking exceptions
2022-12-08 20:14:14,060:INFO:Importing libraries
2022-12-08 20:14:14,060:INFO:Copying training dataset
2022-12-08 20:14:14,061:INFO:Defining folds
2022-12-08 20:14:14,061:INFO:Declaring metric variables
2022-12-08 20:14:14,066:INFO:Importing untrained model
2022-12-08 20:14:14,072:INFO:Extreme Gradient Boosting Imported succesfully
2022-12-08 20:14:14,080:INFO:Starting cross validation
2022-12-08 20:14:14,081:INFO:Cross validating with KFold(n_splits=10, random_state=4412, shuffle=True), n_jobs=-1
2022-12-08 20:14:15,646:INFO:Calculating mean and std
2022-12-08 20:14:15,648:INFO:Creating metrics dataframe
2022-12-08 20:14:15,671:INFO:Uploading results into container
2022-12-08 20:14:15,671:INFO:Uploading model into container now
2022-12-08 20:14:15,671:INFO:create_model_container: 18
2022-12-08 20:14:15,671:INFO:master_model_container: 18
2022-12-08 20:14:15,671:INFO:display_container: 1
2022-12-08 20:14:15,672:INFO:XGBRegressor(base_score=None, booster='gbtree', callbacks=None,
             colsample_bylevel=None, colsample_bynode=None,
             colsample_bytree=None, early_stopping_rounds=None,
             enable_categorical=False, eval_metric=None, feature_types=None,
             gamma=None, gpu_id=None, grow_policy=None, importance_type=None,
             interaction_constraints=None, learning_rate=None, max_bin=None,
             max_cat_threshold=None, max_cat_to_onehot=None,
             max_delta_step=None, max_depth=None, max_leaves=None,
             min_child_weight=None, missing=nan, monotone_constraints=None,
             n_estimators=100, n_jobs=-1, num_parallel_tree=None,
             objective='reg:squarederror', predictor=None, ...)
2022-12-08 20:14:15,672:INFO:create_model() succesfully completed......................................
2022-12-08 20:14:15,792:INFO:SubProcess create_model() end ==================================
2022-12-08 20:14:15,792:INFO:Creating metrics dataframe
2022-12-08 20:14:15,813:INFO:Initializing Light Gradient Boosting Machine
2022-12-08 20:14:15,813:INFO:Total runtime is 0.35624044338862104 minutes
2022-12-08 20:14:15,817:INFO:SubProcess create_model() called ==================================
2022-12-08 20:14:15,817:INFO:Initializing create_model()
2022-12-08 20:14:15,817:INFO:create_model(estimator=lightgbm, fold=KFold(n_splits=10, random_state=4412, shuffle=True), round=4, cross_validation=True, predict=True, fit_kwargs={}, groups=None, refit=False, verbose=False, system=False, metrics=None, display=<pycaret.internal.Display.Display object at 0x0000011CD44E9EB0>, kwargs={})
2022-12-08 20:14:15,817:INFO:Checking exceptions
2022-12-08 20:14:15,818:INFO:Importing libraries
2022-12-08 20:14:15,818:INFO:Copying training dataset
2022-12-08 20:14:15,818:INFO:Defining folds
2022-12-08 20:14:15,818:INFO:Declaring metric variables
2022-12-08 20:14:15,823:INFO:Importing untrained model
2022-12-08 20:14:15,828:INFO:Light Gradient Boosting Machine Imported succesfully
2022-12-08 20:14:15,837:INFO:Starting cross validation
2022-12-08 20:14:15,838:INFO:Cross validating with KFold(n_splits=10, random_state=4412, shuffle=True), n_jobs=-1
2022-12-08 20:14:16,958:INFO:Calculating mean and std
2022-12-08 20:14:16,959:INFO:Creating metrics dataframe
2022-12-08 20:14:16,984:INFO:Uploading results into container
2022-12-08 20:14:16,984:INFO:Uploading model into container now
2022-12-08 20:14:16,984:INFO:create_model_container: 19
2022-12-08 20:14:16,984:INFO:master_model_container: 19
2022-12-08 20:14:16,984:INFO:display_container: 1
2022-12-08 20:14:16,984:INFO:LGBMRegressor(boosting_type='gbdt', class_weight=None, colsample_bytree=1.0,
              importance_type='split', learning_rate=0.1, max_depth=-1,
              min_child_samples=20, min_child_weight=0.001, min_split_gain=0.0,
              n_estimators=100, n_jobs=-1, num_leaves=31, objective=None,
              random_state=4412, reg_alpha=0.0, reg_lambda=0.0, silent='warn',
              subsample=1.0, subsample_for_bin=200000, subsample_freq=0)
2022-12-08 20:14:16,984:INFO:create_model() succesfully completed......................................
2022-12-08 20:14:17,111:INFO:SubProcess create_model() end ==================================
2022-12-08 20:14:17,112:INFO:Creating metrics dataframe
2022-12-08 20:14:17,132:INFO:Initializing CatBoost Regressor
2022-12-08 20:14:17,132:INFO:Total runtime is 0.3782341837882996 minutes
2022-12-08 20:14:17,138:INFO:SubProcess create_model() called ==================================
2022-12-08 20:14:17,138:INFO:Initializing create_model()
2022-12-08 20:14:17,138:INFO:create_model(estimator=catboost, fold=KFold(n_splits=10, random_state=4412, shuffle=True), round=4, cross_validation=True, predict=True, fit_kwargs={}, groups=None, refit=False, verbose=False, system=False, metrics=None, display=<pycaret.internal.Display.Display object at 0x0000011CD44E9EB0>, kwargs={})
2022-12-08 20:14:17,138:INFO:Checking exceptions
2022-12-08 20:14:17,138:INFO:Importing libraries
2022-12-08 20:14:17,138:INFO:Copying training dataset
2022-12-08 20:14:17,139:INFO:Defining folds
2022-12-08 20:14:17,139:INFO:Declaring metric variables
2022-12-08 20:14:17,143:INFO:Importing untrained model
2022-12-08 20:14:17,148:INFO:CatBoost Regressor Imported succesfully
2022-12-08 20:14:17,158:INFO:Starting cross validation
2022-12-08 20:14:17,158:INFO:Cross validating with KFold(n_splits=10, random_state=4412, shuffle=True), n_jobs=-1
2022-12-08 20:14:41,611:INFO:Calculating mean and std
2022-12-08 20:14:41,612:INFO:Creating metrics dataframe
2022-12-08 20:14:41,640:INFO:Uploading results into container
2022-12-08 20:14:41,640:INFO:Uploading model into container now
2022-12-08 20:14:41,640:INFO:create_model_container: 20
2022-12-08 20:14:41,640:INFO:master_model_container: 20
2022-12-08 20:14:41,640:INFO:display_container: 1
2022-12-08 20:14:41,640:INFO:<catboost.core.CatBoostRegressor object at 0x0000011CDC655D30>
2022-12-08 20:14:41,640:INFO:create_model() succesfully completed......................................
2022-12-08 20:14:41,778:INFO:SubProcess create_model() end ==================================
2022-12-08 20:14:41,778:INFO:Creating metrics dataframe
2022-12-08 20:14:41,811:INFO:Initializing create_model()
2022-12-08 20:14:41,811:INFO:create_model(estimator=<catboost.core.CatBoostRegressor object at 0x0000011CDC655D30>, fold=KFold(n_splits=10, random_state=4412, shuffle=True), round=4, cross_validation=False, predict=False, fit_kwargs={}, groups=None, refit=True, verbose=False, system=False, metrics=None, display=None, kwargs={})
2022-12-08 20:14:41,811:INFO:Checking exceptions
2022-12-08 20:14:41,812:INFO:Importing libraries
2022-12-08 20:14:41,812:INFO:Copying training dataset
2022-12-08 20:14:41,812:INFO:Defining folds
2022-12-08 20:14:41,812:INFO:Declaring metric variables
2022-12-08 20:14:41,812:INFO:Importing untrained model
2022-12-08 20:14:41,812:INFO:Declaring custom model
2022-12-08 20:14:41,812:INFO:CatBoost Regressor Imported succesfully
2022-12-08 20:14:41,813:INFO:Cross validation set to False
2022-12-08 20:14:41,813:INFO:Fitting Model
2022-12-08 20:14:46,325:INFO:<catboost.core.CatBoostRegressor object at 0x0000011CDD6F9580>
2022-12-08 20:14:46,325:INFO:create_models() succesfully completed......................................
2022-12-08 20:14:46,460:INFO:create_model_container: 20
2022-12-08 20:14:46,460:INFO:master_model_container: 20
2022-12-08 20:14:46,460:INFO:display_container: 1
2022-12-08 20:14:46,460:INFO:<catboost.core.CatBoostRegressor object at 0x0000011CDD6F9580>
2022-12-08 20:14:46,460:INFO:compare_models() succesfully completed......................................
